2025-06-10 17:48:24.783+0000 [id=1]	INFO	winstone.Logger#logInternal: Beginning extraction from war file
2025-06-10 17:48:29.513+0000 [id=1]	WARNING	o.e.j.ee9.nested.ContextHandler#setContextPath: Empty contextPath
2025-06-10 17:48:29.607+0000 [id=1]	INFO	org.eclipse.jetty.server.Server#doStart: jetty-12.0.19; built: 2025-04-01T13:28:40.005Z; git: 23436cd577b4238238eb192683dfc2b1476c6b87; jvm 21.0.7+6-LTS
2025-06-10 17:48:30.326+0000 [id=1]	INFO	o.e.j.e.w.StandardDescriptorProcessor#visitServlet: NO JSP Support for /, did not find org.eclipse.jetty.ee9.jsp.JettyJspServlet
2025-06-10 17:48:30.409+0000 [id=1]	INFO	o.e.j.s.DefaultSessionIdManager#doStart: Session workerName=node0
2025-06-10 17:48:31.221+0000 [id=1]	INFO	hudson.WebAppMain#contextInitialized: Jenkins home directory: /var/jenkins_home found at: EnvVars.masterEnvVars.get("JENKINS_HOME")
2025-06-10 17:48:32.247+0000 [id=1]	INFO	o.e.j.s.handler.ContextHandler#doStart: Started oeje9n.ContextHandler$CoreContextHandler@4d0753c9{Jenkins v2.504.2,/,b=file:///var/jenkins_home/war/,a=AVAILABLE,h=oeje9n.ContextHandler$CoreContextHandler$CoreToNestedHandler@1416a80a{STARTED}}
2025-06-10 17:48:32.277+0000 [id=1]	INFO	o.e.j.server.AbstractConnector#doStart: Started ServerConnector@16a49a5d{HTTP/1.1, (http/1.1)}{0.0.0.0:8080}
2025-06-10 17:48:32.332+0000 [id=1]	INFO	org.eclipse.jetty.server.Server#doStart: Started oejs.Server@3401a114{STARTING}[12.0.19,sto=0] @10435ms
2025-06-10 17:48:32.334+0000 [id=32]	INFO	winstone.Logger#logInternal: Winstone Servlet Engine running: controlPort=disabled
2025-06-10 17:48:32.751+0000 [id=30]	INFO	jenkins.model.Jenkins#<init>: Starting version 2.504.2
2025-06-10 17:48:32.915+0000 [id=39]	INFO	jenkins.InitReactorRunner$1#onAttained: Started initialization
2025-06-10 17:48:32.934+0000 [id=40]	INFO	jenkins.InitReactorRunner$1#onAttained: Listed all plugins
2025-06-10 17:48:34.242+0000 [id=38]	INFO	jenkins.InitReactorRunner$1#onAttained: Prepared all plugins
2025-06-10 17:48:34.248+0000 [id=37]	INFO	jenkins.InitReactorRunner$1#onAttained: Started all plugins
2025-06-10 17:48:34.252+0000 [id=38]	INFO	jenkins.InitReactorRunner$1#onAttained: Augmented all extensions
2025-06-10 17:48:34.649+0000 [id=40]	INFO	jenkins.InitReactorRunner$1#onAttained: System config loaded
2025-06-10 17:48:34.650+0000 [id=40]	INFO	jenkins.InitReactorRunner$1#onAttained: System config adapted
2025-06-10 17:48:34.650+0000 [id=40]	INFO	jenkins.InitReactorRunner$1#onAttained: Loaded all jobs
2025-06-10 17:48:34.653+0000 [id=37]	INFO	jenkins.InitReactorRunner$1#onAttained: Configuration for all jobs updated
2025-06-10 17:48:34.721+0000 [id=54]	INFO	hudson.util.Retrier#start: Attempt #1 to do the action check updates server
2025-06-10 17:48:35.538+0000 [id=37]	INFO	jenkins.install.SetupWizard#init: 

*************************************************************
*************************************************************
*************************************************************

Jenkins initial setup is required. An admin user has been created and a password generated.
Please use the following password to proceed to installation:

213d4f3820624702868e452666820dcf

This may also be found at: /var/jenkins_home/secrets/initialAdminPassword

*************************************************************
*************************************************************
*************************************************************

2025-06-10 17:48:48.683+0000 [id=39]	INFO	jenkins.InitReactorRunner$1#onAttained: Completed initialization
2025-06-10 17:48:48.778+0000 [id=30]	INFO	hudson.lifecycle.Lifecycle#onReady: Jenkins is fully up and running
2025-06-10 17:48:50.361+0000 [id=54]	INFO	h.m.DownloadService$Downloadable#load: Obtained the updated data file for hudson.tasks.Maven.MavenInstaller
2025-06-10 17:48:50.362+0000 [id=54]	INFO	hudson.util.Retrier#start: Performed the action check updates server successfully at the attempt #1
